#
# There is insufficient memory for the Java Runtime Environment to continue.
# Native memory allocation (malloc) failed to allocate 325936 bytes for Chunk::new
# Possible reasons:
#   The system is out of physical RAM or swap space
#   In 32 bit mode, the process size limit was hit
# Possible solutions:
#   Reduce memory load on the system
#   Increase physical memory or swap space
#   Check if swap backing store is full
#   Use 64 bit Java on a 64 bit OS
#   Decrease Java heap size (-Xmx/-Xms)
#   Decrease number of Java threads
#   Decrease Java thread stack sizes (-Xss)
#   Set larger code cache with -XX:ReservedCodeCacheSize=
# This output file may be truncated or incomplete.
#
#  Out of Memory Error (allocation.cpp:390), pid=5432, tid=0x0000000000001038
#
# JRE version: Java(TM) SE Runtime Environment (8.0_102-b14) (build 1.8.0_102-b14)
# Java VM: Java HotSpot(TM) 64-Bit Server VM (25.102-b14 mixed mode windows-amd64 compressed oops)
# Failed to write core dump. Minidumps are not enabled by default on client versions of Windows
#

---------------  T H R E A D  ---------------

Current thread (0x000000001ab40000):  JavaThread "C2 CompilerThread1" daemon [_thread_in_native, id=4152, stack(0x000000001b310000,0x000000001b410000)]

Stack: [0x000000001b310000,0x000000001b410000]
[error occurred during error reporting (printing stack bounds), id 0xc0000005]

Native frames: (J=compiled Java code, j=interpreted, Vv=VM code, C=native code)


Current CompileTask:
C2:   9220 4063   !   4       java.net.URLClassLoader$1::run (63 bytes)


---------------  P R O C E S S  ---------------

Java Threads: ( => current thread )
  0x000000001abd7000 JavaThread "Service Thread" daemon [_thread_blocked, id=6588, stack(0x000000001b510000,0x000000001b610000)]
  0x000000001ab94000 JavaThread "C1 CompilerThread2" daemon [_thread_blocked, id=1380, stack(0x000000001b410000,0x000000001b510000)]
=>0x000000001ab40000 JavaThread "C2 CompilerThread1" daemon [_thread_in_native, id=4152, stack(0x000000001b310000,0x000000001b410000)]
  0x000000001ab3d000 JavaThread "C2 CompilerThread0" daemon [_thread_in_native, id=8812, stack(0x000000001b210000,0x000000001b310000)]
  0x000000001ab38000 JavaThread "Monitor Ctrl-Break" daemon [_thread_in_native, id=16824, stack(0x000000001b110000,0x000000001b210000)]
  0x000000001ab18800 JavaThread "Attach Listener" daemon [_thread_blocked, id=4084, stack(0x000000001b010000,0x000000001b110000)]
  0x0000000019798800 JavaThread "Signal Dispatcher" daemon [_thread_blocked, id=9848, stack(0x000000001af10000,0x000000001b010000)]
  0x0000000019789800 JavaThread "Finalizer" daemon [_thread_blocked, id=12784, stack(0x000000001aa10000,0x000000001ab10000)]
  0x0000000004e21000 JavaThread "Reference Handler" daemon [_thread_blocked, id=12940, stack(0x000000001a910000,0x000000001aa10000)]
  0x0000000002f2e800 JavaThread "main" [_thread_in_Java, id=7180, stack(0x0000000004780000,0x0000000004880000)]

Other Threads:
  0x0000000019767800 VMThread [stack: 0x000000001a810000,0x000000001a910000] [id=748]
  0x000000001ac11000 WatcherThread [stack: 0x000000001b610000,0x000000001b710000] [id=2128]

VM state:not at safepoint (normal execution)

VM Mutex/Monitor currently owned by a thread: None

Heap:
 PSYoungGen      total 267264K, used 81173K [0x00000000d6e00000, 0x00000000f2780000, 0x0000000100000000)
  eden space 249856K, 32% used [0x00000000d6e00000,0x00000000dbd45520,0x00000000e6200000)
  from space 17408K, 0% used [0x00000000e6200000,0x00000000e6200000,0x00000000e7300000)
  to   space 26112K, 0% used [0x00000000f0e00000,0x00000000f0e00000,0x00000000f2780000)
 ParOldGen       total 84992K, used 42484K [0x0000000084a00000, 0x0000000089d00000, 0x00000000d6e00000)
  object space 84992K, 49% used [0x0000000084a00000,0x000000008737d2f0,0x0000000089d00000)
 Metaspace       used 24008K, capacity 24810K, committed 25136K, reserved 1071104K
  class space    used 2781K, capacity 3012K, committed 3120K, reserved 1048576K

Card table byte_map: [0x00000000141f0000,0x00000000145d0000] byte_map_base: 0x0000000013dcb000

Marking Bits: (ParMarkBitMap*) 0x000000006ad3a6c0
 Begin Bits: [0x0000000014c70000, 0x0000000016b48000)
 End Bits:   [0x0000000016b48000, 0x0000000018a20000)

Polling page: 0x0000000002ec0000

CodeCache: size=245760Kb used=13004Kb max_used=13004Kb free=232755Kb
 bounds [0x0000000004e30000, 0x0000000005af0000, 0x0000000013e30000]
 total_blobs=4175 nmethods=3758 adapters=328
 compilation: enabled

Compilation events (10 events):
Event: 9.145 Thread 0x000000001ab94000 4360       3       java.util.Date::normalize (269 bytes)
Event: 9.150 Thread 0x000000001ab94000 nmethod 4360 0x0000000005ae2510 code [0x0000000005ae2980, 0x0000000005ae64b8]
Event: 9.150 Thread 0x000000001ab94000 4361       3       java.util.Date::getCalendarSystem (25 bytes)
Event: 9.150 Thread 0x000000001ab94000 nmethod 4361 0x0000000005ae7c90 code [0x0000000005ae7e00, 0x0000000005ae8070]
Event: 9.156 Thread 0x000000001ab94000 4362       3       org.apache.commons.compress.archivers.zip.ZipArchiveOutputStream::hasZip64Extra (16 bytes)
Event: 9.156 Thread 0x000000001ab94000 nmethod 4362 0x0000000005ae8110 code [0x0000000005ae8280, 0x0000000005ae8508]
Event: 9.163 Thread 0x000000001ab94000 4363       3       sun.util.calendar.ZoneInfo::getOffsetsByWall (8 bytes)
Event: 9.164 Thread 0x000000001ab94000 nmethod 4363 0x0000000005ae85d0 code [0x0000000005ae8740, 0x0000000005ae88c8]
Event: 9.177 Thread 0x000000001ab94000 4364       3       org.apache.commons.compress.archivers.zip.ZipArchiveEntry::<init> (88 bytes)
Event: 9.178 Thread 0x000000001ab94000 nmethod 4364 0x0000000005ae8990 code [0x0000000005ae8b60, 0x0000000005ae9548]

GC Heap History (10 events):
Event: 3.423 GC heap before
{Heap before GC invocations=6 (full 0):
 PSYoungGen      total 68608K, used 68584K [0x00000000d6e00000, 0x00000000dfe00000, 0x0000000100000000)
  eden space 63488K, 100% used [0x00000000d6e00000,0x00000000dac00000,0x00000000dac00000)
  from space 5120K, 99% used [0x00000000dac00000,0x00000000db0fa020,0x00000000db100000)
  to   space 10240K, 0% used [0x00000000df400000,0x00000000df400000,0x00000000dfe00000)
 ParOldGen       total 84992K, used 10596K [0x0000000084a00000, 0x0000000089d00000, 0x00000000d6e00000)
  object space 84992K, 12% used [0x0000000084a00000,0x00000000854591a0,0x0000000089d00000)
 Metaspace       used 12972K, capacity 13224K, committed 13440K, reserved 1060864K
  class space    used 1548K, capacity 1611K, committed 1664K, reserved 1048576K
Event: 3.441 GC heap after
Heap after GC invocations=6 (full 0):
 PSYoungGen      total 136704K, used 8616K [0x00000000d6e00000, 0x00000000dff00000, 0x0000000100000000)
  eden space 126464K, 0% used [0x00000000d6e00000,0x00000000d6e00000,0x00000000de980000)
  from space 10240K, 84% used [0x00000000df400000,0x00000000dfc6a020,0x00000000dfe00000)
  to   space 10752K, 0% used [0x00000000de980000,0x00000000de980000,0x00000000df400000)
 ParOldGen       total 84992K, used 10604K [0x0000000084a00000, 0x0000000089d00000, 0x00000000d6e00000)
  object space 84992K, 12% used [0x0000000084a00000,0x000000008545b1a0,0x0000000089d00000)
 Metaspace       used 12972K, capacity 13224K, committed 13440K, reserved 1060864K
  class space    used 1548K, capacity 1611K, committed 1664K, reserved 1048576K
}
Event: 4.757 GC heap before
{Heap before GC invocations=7 (full 0):
 PSYoungGen      total 136704K, used 135080K [0x00000000d6e00000, 0x00000000dff00000, 0x0000000100000000)
  eden space 126464K, 100% used [0x00000000d6e00000,0x00000000de980000,0x00000000de980000)
  from space 10240K, 84% used [0x00000000df400000,0x00000000dfc6a020,0x00000000dfe00000)
  to   space 10752K, 0% used [0x00000000de980000,0x00000000de980000,0x00000000df400000)
 ParOldGen       total 84992K, used 10604K [0x0000000084a00000, 0x0000000089d00000, 0x00000000d6e00000)
  object space 84992K, 12% used [0x0000000084a00000,0x000000008545b1a0,0x0000000089d00000)
 Metaspace       used 14005K, capacity 14410K, committed 14592K, reserved 1062912K
  class space    used 1634K, capacity 1728K, committed 1792K, reserved 1048576K
Event: 4.797 GC heap after
Heap after GC invocations=7 (full 0):
 PSYoungGen      total 137216K, used 10752K [0x00000000d6e00000, 0x00000000e8100000, 0x0000000100000000)
  eden space 126464K, 0% used [0x00000000d6e00000,0x00000000d6e00000,0x00000000de980000)
  from space 10752K, 100% used [0x00000000de980000,0x00000000df400000,0x00000000df400000)
  to   space 14336K, 0% used [0x00000000e7300000,0x00000000e7300000,0x00000000e8100000)
 ParOldGen       total 84992K, used 15088K [0x0000000084a00000, 0x0000000089d00000, 0x00000000d6e00000)
  object space 84992K, 17% used [0x0000000084a00000,0x00000000858bc1f0,0x0000000089d00000)
 Metaspace       used 14005K, capacity 14410K, committed 14592K, reserved 1062912K
  class space    used 1634K, capacity 1728K, committed 1792K, reserved 1048576K
}
Event: 5.915 GC heap before
{Heap before GC invocations=8 (full 0):
 PSYoungGen      total 137216K, used 137216K [0x00000000d6e00000, 0x00000000e8100000, 0x0000000100000000)
  eden space 126464K, 100% used [0x00000000d6e00000,0x00000000de980000,0x00000000de980000)
  from space 10752K, 100% used [0x00000000de980000,0x00000000df400000,0x00000000df400000)
  to   space 14336K, 0% used [0x00000000e7300000,0x00000000e7300000,0x00000000e8100000)
 ParOldGen       total 84992K, used 15088K [0x0000000084a00000, 0x0000000089d00000, 0x00000000d6e00000)
  object space 84992K, 17% used [0x0000000084a00000,0x00000000858bc1f0,0x0000000089d00000)
 Metaspace       used 14780K, capacity 15300K, committed 15488K, reserved 1062912K
  class space    used 1693K, capacity 1808K, committed 1920K, reserved 1048576K
Event: 5.950 GC heap after
Heap after GC invocations=8 (full 0):
 PSYoungGen      total 264192K, used 14336K [0x00000000d6e00000, 0x00000000e8700000, 0x0000000100000000)
  eden space 249856K, 0% used [0x00000000d6e00000,0x00000000d6e00000,0x00000000e6200000)
  from space 14336K, 100% used [0x00000000e7300000,0x00000000e8100000,0x00000000e8100000)
  to   space 17408K, 0% used [0x00000000e6200000,0x00000000e6200000,0x00000000e7300000)
 ParOldGen       total 84992K, used 18296K [0x0000000084a00000, 0x0000000089d00000, 0x00000000d6e00000)
  object space 84992K, 21% used [0x0000000084a00000,0x0000000085bde3f8,0x0000000089d00000)
 Metaspace       used 14780K, capacity 15300K, committed 15488K, reserved 1062912K
  class space    used 1693K, capacity 1808K, committed 1920K, reserved 1048576K
}
Event: 7.623 GC heap before
{Heap before GC invocations=9 (full 0):
 PSYoungGen      total 264192K, used 143567K [0x00000000d6e00000, 0x00000000e8700000, 0x0000000100000000)
  eden space 249856K, 51% used [0x00000000d6e00000,0x00000000dec33f28,0x00000000e6200000)
  from space 14336K, 100% used [0x00000000e7300000,0x00000000e8100000,0x00000000e8100000)
  to   space 17408K, 0% used [0x00000000e6200000,0x00000000e6200000,0x00000000e7300000)
 ParOldGen       total 84992K, used 18296K [0x0000000084a00000, 0x0000000089d00000, 0x00000000d6e00000)
  object space 84992K, 21% used [0x0000000084a00000,0x0000000085bde3f8,0x0000000089d00000)
 Metaspace       used 20688K, capacity 21236K, committed 21296K, reserved 1069056K
  class space    used 2420K, capacity 2570K, committed 2608K, reserved 1048576K
Event: 7.708 GC heap after
Heap after GC invocations=9 (full 0):
 PSYoungGen      total 267264K, used 17376K [0x00000000d6e00000, 0x00000000f2780000, 0x0000000100000000)
  eden space 249856K, 0% used [0x00000000d6e00000,0x00000000d6e00000,0x00000000e6200000)
  from space 17408K, 99% used [0x00000000e6200000,0x00000000e72f83f8,0x00000000e7300000)
  to   space 26112K, 0% used [0x00000000f0e00000,0x00000000f0e00000,0x00000000f2780000)
 ParOldGen       total 84992K, used 33838K [0x0000000084a00000, 0x0000000089d00000, 0x00000000d6e00000)
  object space 84992K, 39% used [0x0000000084a00000,0x0000000086b0b800,0x0000000089d00000)
 Metaspace       used 20688K, capacity 21236K, committed 21296K, reserved 1069056K
  class space    used 2420K, capacity 2570K, committed 2608K, reserved 1048576K
}
Event: 7.708 GC heap before
{Heap before GC invocations=10 (full 1):
 PSYoungGen      total 267264K, used 17376K [0x00000000d6e00000, 0x00000000f2780000, 0x0000000100000000)
  eden space 249856K, 0% used [0x00000000d6e00000,0x00000000d6e00000,0x00000000e6200000)
  from space 17408K, 99% used [0x00000000e6200000,0x00000000e72f83f8,0x00000000e7300000)
  to   space 26112K, 0% used [0x00000000f0e00000,0x00000000f0e00000,0x00000000f2780000)
 ParOldGen       total 84992K, used 33838K [0x0000000084a00000, 0x0000000089d00000, 0x00000000d6e00000)
  object space 84992K, 39% used [0x0000000084a00000,0x0000000086b0b800,0x0000000089d00000)
 Metaspace       used 20688K, capacity 21236K, committed 21296K, reserved 1069056K
  class space    used 2420K, capacity 2570K, committed 2608K, reserved 1048576K
Event: 8.017 GC heap after
Heap after GC invocations=10 (full 1):
 PSYoungGen      total 267264K, used 0K [0x00000000d6e00000, 0x00000000f2780000, 0x0000000100000000)
  eden space 249856K, 0% used [0x00000000d6e00000,0x00000000d6e00000,0x00000000e6200000)
  from space 17408K, 0% used [0x00000000e6200000,0x00000000e6200000,0x00000000e7300000)
  to   space 26112K, 0% used [0x00000000f0e00000,0x00000000f0e00000,0x00000000f2780000)
 ParOldGen       total 84992K, used 42484K [0x0000000084a00000, 0x0000000089d00000, 0x00000000d6e00000)
  object space 84992K, 49% used [0x0000000084a00000,0x000000008737d2f0,0x0000000089d00000)
 Metaspace       used 20688K, capacity 21236K, committed 21296K, reserved 1069056K
  class space    used 2420K, capacity 2570K, committed 2608K, reserved 1048576K
}

Deoptimization events (10 events):
Event: 8.181 Thread 0x0000000002f2e800 Uncommon trap: reason=class_check action=maybe_recompile pc=0x00000000059cbb80 method=com.google.inject.Key.getAnnotation()Ljava/lang/annotation/Annotation; @ 4
Event: 8.250 Thread 0x000000001bd9b800 Uncommon trap: reason=unstable_if action=reinterpret pc=0x0000000005824024 method=java.lang.ThreadLocal.get()Ljava/lang/Object; @ 11
Event: 8.289 Thread 0x000000001bd9b800 Uncommon trap: reason=null_check action=make_not_entrant pc=0x00000000057dce34 method=java.lang.StringCoding.deref(Ljava/lang/ThreadLocal;)Ljava/lang/Object; @ 4
Event: 8.289 Thread 0x000000001bd9b800 Uncommon trap: reason=class_check action=maybe_recompile pc=0x00000000054f2720 method=java.lang.StringCoding$StringDecoder.decode([BII)[C @ 30
Event: 8.328 Thread 0x0000000002f2e800 Uncommon trap: reason=unstable_if action=reinterpret pc=0x0000000005454a80 method=org.codehaus.plexus.util.xml.pull.MXParser.parseAttribute()C @ 990
Event: 8.411 Thread 0x0000000002f2e800 Uncommon trap: reason=bimorphic action=maybe_recompile pc=0x000000000590dbc0 method=com.google.inject.internal.InjectorImpl.callInContext(Lcom/google/inject/internal/ContextualCallable;)Ljava/lang/Object; @ 62
Event: 8.496 Thread 0x0000000002f2e800 Uncommon trap: reason=unstable_if action=reinterpret pc=0x0000000005480c4c method=java.util.IdentityHashMap.get(Ljava/lang/Object;)Ljava/lang/Object; @ 43
Event: 8.632 Thread 0x0000000002f2e800 Uncommon trap: reason=unstable_if action=reinterpret pc=0x00000000052ea0e4 method=org.codehaus.plexus.classworlds.realm.Entry.matches(Ljava/lang/String;)Z @ 131
Event: 8.635 Thread 0x0000000002f2e800 Uncommon trap: reason=unstable_if action=reinterpret pc=0x0000000005a097a4 method=java.util.Properties$LineReader.readLine()I @ 246
Event: 8.855 Thread 0x0000000002f2e800 Uncommon trap: reason=unstable_if action=reinterpret pc=0x0000000005352444 method=java.util.ArrayList.toArray([Ljava/lang/Object;)[Ljava/lang/Object; @ 48

Internal exceptions (10 events):
Event: 6.737 Thread 0x0000000002f2e800 Exception <a 'java/lang/ClassNotFoundException': com/sun/tools/javac/api/JavacTool> (0x00000000db95e9f0) thrown at [C:\re\workspace\8-2-build-windows-amd64-cygwin\jdk8u102\7268\hotspot\src\share\vm\classfile\systemDictionary.cpp, line 210]
Event: 7.313 Thread 0x0000000002f2e800 Exception <a 'java/io/FileNotFoundException'> (0x00000000dda12c40) thrown at [C:\re\workspace\8-2-build-windows-amd64-cygwin\jdk8u102\7268\hotspot\src\share\vm\prims\jni.cpp, line 709]
Event: 7.317 Thread 0x0000000002f2e800 Exception <a 'java/io/FileNotFoundException'> (0x00000000dda47890) thrown at [C:\re\workspace\8-2-build-windows-amd64-cygwin\jdk8u102\7268\hotspot\src\share\vm\prims\jni.cpp, line 709]
Event: 8.187 Thread 0x0000000002f2e800 Exception <a 'java/lang/NoClassDefFoundError': org/slf4j/Logger> (0x00000000d78aca60) thrown at [C:\re\workspace\8-2-build-windows-amd64-cygwin\jdk8u102\7268\hotspot\src\share\vm\oops\constantPool.cpp, line 235]
Event: 8.250 Thread 0x000000001bd9b800 Implicit null exception at 0x0000000005823f68 to 0x0000000005824011
Event: 8.263 Thread 0x0000000002f2e800 Exception <a 'java/lang/NoSuchMethodError': org.apache.maven.execution.MavenExecutionRequest.getFailureBehavior()Ljava/lang/String;> (0x00000000d7f214f0) thrown at [C:\re\workspace\8-2-build-windows-amd64-cygwin\jdk8u102\7268\hotspot\src\share\vm\interpret±øèa˘ì @
Event: 8.289 Thread 0x000000001bd9b800 Implicit null exception at 0x00000000057dc645 to 0x00000000057dce25
Event: 8.399 Thread 0x0000000002f2e800 Exception <a 'java/lang/NoClassDefFoundError': org/slf4j/Logger> (0x00000000d88e2d60) thrown at [C:\re\workspace\8-2-build-windows-amd64-cygwin\jdk8u102\7268\hotspot\src\share\vm\oops\constantPool.cpp, line 235]
Event: 8.854 Thread 0x0000000002f2e800 Exception <a 'java/lang/NoSuchFieldError': method resolution failed> (0x00000000d9f9ad18) thrown at [C:\re\workspace\8-2-build-windows-amd64-cygwin\jdk8u102\7268\hotspot\src\share\vm\prims\methodHandles.cpp, line 1146]
Event: 8.859 Thread 0x0000000002f2e800 Exception <a 'java/lang/NoSuchFieldError': method resolution failed> (0x00000000d9fa8c78) thrown at [C:\re\workspace\8-2-build-windows-amd64-cygwin\jdk8u102\7268\hotspot\src\share\vm\prims\methodHandles.cpp, line 1146]

Events (10 events):
Event: 9.029 loading class org/apache/commons/compress/archivers/zip/ExtraFieldUtils$UnparseableExtraField
Event: 9.029 loading class org/apache/commons/compress/archivers/zip/ExtraFieldUtils$UnparseableExtraField done
Event: 9.035 loading class org/springframework/boot/loader/tools/JarWriter$CrcAndSize
Event: 9.035 loading class org/springframework/boot/loader/tools/JarWriter$CrcAndSize done
Event: 9.036 loading class org/springframework/boot/loader/tools/JarWriter$CrcAndSize
Event: 9.036 loading class org/springframework/boot/loader/tools/JarWriter$CrcAndSize done
Event: 9.036 loading class org/springframework/boot/loader/tools/JarWriter$LibraryUnpackHandler
Event: 9.036 loading class org/springframework/boot/loader/tools/JarWriter$LibraryUnpackHandler done
Event: 9.036 loading class org/springframework/boot/loader/tools/JarWriter$LibraryUnpackHandler
Event: 9.036 loading class org/springframework/boot/loader/tools/JarWriter$LibraryUnpackHandler done


Dynamic libraries:
0x00007ff6ccff0000 - 0x00007ff6cd027000 	D:\Program Files\Java\jdk1.8.0_102\bin\java.exe
0x00007ffadc370000 - 0x00007ffadc550000 	C:\WINDOWS\SYSTEM32\ntdll.dll
0x00007ffad97c0000 - 0x00007ffad986e000 	C:\WINDOWS\System32\KERNEL32.DLL
0x00007ffad9100000 - 0x00007ffad9366000 	C:\WINDOWS\System32\KERNELBASE.dll
0x00007ffadc0d0000 - 0x00007ffadc171000 	C:\WINDOWS\System32\ADVAPI32.dll
0x00007ffadc1a0000 - 0x00007ffadc23d000 	C:\WINDOWS\System32\msvcrt.dll
0x00007ffadb430000 - 0x00007ffadb48b000 	C:\WINDOWS\System32\sechost.dll
0x00007ffadb600000 - 0x00007ffadb71f000 	C:\WINDOWS\System32\RPCRT4.dll
0x00007ffadae50000 - 0x00007ffadafdf000 	C:\WINDOWS\System32\USER32.dll
0x00007ffad8fb0000 - 0x00007ffad8fd0000 	C:\WINDOWS\System32\win32u.dll
0x00007ffadb7c0000 - 0x00007ffadb7e8000 	C:\WINDOWS\System32\GDI32.dll
0x00007ffad94f0000 - 0x00007ffad9683000 	C:\WINDOWS\System32\gdi32full.dll
0x00007ffad9370000 - 0x00007ffad940b000 	C:\WINDOWS\System32\msvcp_win.dll
0x00007ffad8760000 - 0x00007ffad8855000 	C:\WINDOWS\System32\ucrtbase.dll
0x00007ffacaac0000 - 0x00007ffacad29000 	C:\WINDOWS\WinSxS\amd64_microsoft.windows.common-controls_6595b64144ccf1df_6.0.16299.611_none_15c7d8029365981f\COMCTL32.dll
0x00007ffadb900000 - 0x00007ffadbc07000 	C:\WINDOWS\System32\combase.dll
0x00007ffad9080000 - 0x00007ffad90f2000 	C:\WINDOWS\System32\bcryptPrimitives.dll
0x00007ffad9870000 - 0x00007ffad989d000 	C:\WINDOWS\System32\IMM32.DLL
0x000000006adc0000 - 0x000000006ae91000 	D:\Program Files\Java\jdk1.8.0_102\jre\bin\msvcr100.dll
0x000000006a520000 - 0x000000006adba000 	D:\Program Files\Java\jdk1.8.0_102\jre\bin\server\jvm.dll
0x00007ffad94c0000 - 0x00007ffad94e3000 	C:\WINDOWS\System32\WINMM.dll
0x00007ffad8430000 - 0x00007ffad845a000 	C:\WINDOWS\System32\WINMMBASE.dll
0x00007ffad9470000 - 0x00007ffad94ba000 	C:\WINDOWS\System32\cfgmgr32.dll
0x00007ffadb4a0000 - 0x00007ffadb4a8000 	C:\WINDOWS\System32\PSAPI.DLL
0x00007ffad0e00000 - 0x00007ffad0e0a000 	C:\WINDOWS\SYSTEM32\VERSION.dll
0x00007ffad61d0000 - 0x00007ffad61d9000 	C:\WINDOWS\SYSTEM32\WSOCK32.dll
0x00007ffad9900000 - 0x00007ffad996c000 	C:\WINDOWS\System32\WS2_32.dll
0x000000006c8a0000 - 0x000000006c8af000 	D:\Program Files\Java\jdk1.8.0_102\jre\bin\verify.dll
0x000000006c4b0000 - 0x000000006c4d9000 	D:\Program Files\Java\jdk1.8.0_102\jre\bin\java.dll
0x000000006a4f0000 - 0x000000006a513000 	D:\Program Files\Java\jdk1.8.0_102\jre\bin\instrument.dll
0x000000006a4d0000 - 0x000000006a4e6000 	D:\Program Files\Java\jdk1.8.0_102\jre\bin\zip.dll
0x00007ffad99f0000 - 0x00007ffadae28000 	C:\WINDOWS\System32\SHELL32.dll
0x00007ffadbc20000 - 0x00007ffadbcc6000 	C:\WINDOWS\System32\shcore.dll
0x00007ffad8860000 - 0x00007ffad8fa7000 	C:\WINDOWS\System32\windows.storage.dll
0x00007ffad98a0000 - 0x00007ffad98f1000 	C:\WINDOWS\System32\shlwapi.dll
0x00007ffad8460000 - 0x00007ffad8471000 	C:\WINDOWS\System32\kernel.appcore.dll
0x00007ffad8480000 - 0x00007ffad84cc000 	C:\WINDOWS\System32\powrprof.dll
0x00007ffad83f0000 - 0x00007ffad840b000 	C:\WINDOWS\System32\profapi.dll
0x00007ffad61a0000 - 0x00007ffad61ba000 	D:\Program Files\JetBrains\IntelliJ IDEA 2018.2\bin\breakgen64.dll
0x000000006a4b0000 - 0x000000006a4ca000 	D:\Program Files\Java\jdk1.8.0_102\jre\bin\net.dll
0x00007ffad7c80000 - 0x00007ffad7ce6000 	C:\WINDOWS\system32\mswsock.dll
0x000000006a490000 - 0x000000006a4a1000 	D:\Program Files\Java\jdk1.8.0_102\jre\bin\nio.dll
0x000000006c2f0000 - 0x000000006c2fd000 	D:\Program Files\Java\jdk1.8.0_102\jre\bin\management.dll
0x00007ffad52b0000 - 0x00007ffad52c6000 	C:\WINDOWS\system32\napinsp.dll
0x00007ffad5290000 - 0x00007ffad52aa000 	C:\WINDOWS\system32\pnrpnsp.dll
0x00007ffad5620000 - 0x00007ffad5638000 	C:\WINDOWS\system32\NLAapi.dll
0x00007ffad7a60000 - 0x00007ffad7b16000 	C:\WINDOWS\SYSTEM32\DNSAPI.dll
0x00007ffadbc10000 - 0x00007ffadbc18000 	C:\WINDOWS\System32\NSI.dll
0x00007ffad7a10000 - 0x00007ffad7a49000 	C:\WINDOWS\SYSTEM32\IPHLPAPI.DLL
0x00007ffad2a90000 - 0x00007ffad2a9e000 	C:\WINDOWS\System32\winrnr.dll
0x00007ffad2a70000 - 0x00007ffad2a85000 	C:\WINDOWS\System32\wshbth.dll
0x00007ffad0dd0000 - 0x00007ffad0dda000 	C:\Windows\System32\rasadhlp.dll
0x00007ffad2840000 - 0x00007ffad28b0000 	C:\WINDOWS\System32\fwpuclnt.dll
0x00007ffad7f50000 - 0x00007ffad7f75000 	C:\WINDOWS\SYSTEM32\bcrypt.dll

VM Arguments:
jvm_args: -Dmaven.home=D:\apache-maven-3.0.5 -Dclassworlds.conf=D:\apache-maven-3.0.5\bin\m2.conf -javaagent:D:\Program Files\JetBrains\IntelliJ IDEA 2018.2\lib\idea_rt.jar=52198:D:\Program Files\JetBrains\IntelliJ IDEA 2018.2\bin -Dfile.encoding=UTF-8 
java_command: org.codehaus.classworlds.Launcher -Didea.version=2018.2 -s D:\apache-maven-3.0.5\conf\settings.xml clean install -Dmaven.test.skip
java_class_path (initial): D:\apache-maven-3.0.5\boot\plexus-classworlds-2.4.jar;D:\Program Files\JetBrains\IntelliJ IDEA 2018.2\lib\idea_rt.jar
Launcher Type: SUN_STANDARD

Environment Variables:
JAVA_HOME=D:\Program Files\Java\jdk1.7.0_17
CLASSPATH=;E:\Devtools\jmeter\apache-jmeter-3.1\apache-jmeter-3.1/lib/ext/ApacheJMeter_core.jar;E:\Devtools\jmeter\apache-jmeter-3.1\apache-jmeter-3.1/lib/jorphan.jar;E:\Devtools\jmeter\apache-jmeter-3.1\apache-jmeter-3.1/lib/logkit-2.0.jar;D:\Program Files\Java\jdk1.7.0_17\lib\dt.jar;D:\Program Files\Java\jdk1.7.0_17\lib\tools.jar;
PATH=D:\Program Files\Java\jdk1.7.0_17\bin;C:\Program Files\Docker\Docker\Resources\bin;C:\Program Files (x86)\Common Files\NetSarang;C:\WINDOWS\system32;C:\WINDOWS;C:\WINDOWS\System32\Wbem;C:\WINDOWS\System32\WindowsPowerShell\v1.0\;D:\apache-maven-3.3.3\bin;D:\Program Files\bin;C:\Program Files\Git\cmd;C:\Program Files\TortoiseGit\bin;C:\Users\Administrator\AppData\Roaming\npm\node_modules;D:\Program Files\Java\jdk1.7.0_17\jre\bin;D:\Program Files\VisualSVN Server\bin;D:\Program Files\nodejs\;D:\Program Files\MySQL\MySQL Utilities 1.6\;D:\Program Files\EmEditor;D:\Program Files\MySQL\MySQL Server 5.6\bin;D:\OpenVPN\bin;C:\Users\Administrator\AppData\Local\Microsoft\WindowsApps;;C:\Program Files\Docker Toolbox;C:\Users\Administrator\AppData\Roaming\npm
USERNAME=Administrator
OS=Windows_NT
PROCESSOR_IDENTIFIER=Intel64 Family 6 Model 58 Stepping 9, GenuineIntel



---------------  S Y S T E M  ---------------

OS: Windows 10.0 , 64 bit Build 16299 (10.0.16299.431)

CPU:total 4 (2 cores per cpu, 2 threads per core) family 6 model 58 stepping 9, cmov, cx8, fxsr, mmx, sse, sse2, sse3, ssse3, sse4.1, sse4.2, popcnt, avx, aes, clmul, erms, ht, tsc, tscinvbit, tscinv

Memory: 4k page, physical 8078976k(1356780k free), swap 11224704k(4880k free)

vm_info: Java HotSpot(TM) 64-Bit Server VM (25.102-b14) for windows-amd64 JRE (1.8.0_102-b14), built on Jun 22 2016 13:15:21 by "java_re" with MS VC++ 10.0 (VS2010)

time: Tue Aug 21 15:56:16 2018
elapsed time: 9 seconds (0d 0h 0m 9s)

