JvmtiExport can_access_local_variables 0
JvmtiExport can_hotswap_or_post_breakpoint 0
JvmtiExport can_post_on_exceptions 0
# 172 ciObject found
ciMethod java/lang/Object <init> ()V 4097 1 1189512 0 -1
ciMethod java/lang/String <init> ([CII)V 4097 1 5744 0 -1
ciMethod java/lang/String length ()I 4097 1 390204 0 -1
ciMethod java/lang/String charAt (I)C 4097 1 480652 0 -1
ciMethod java/lang/String startsWith (Ljava/lang/String;I)Z 2393 2481 5608 0 -1
ciMethod java/lang/String startsWith (Ljava/lang/String;)Z 3297 1 137272 0 -1
ciMethod java/lang/String endsWith (Ljava/lang/String;)Z 2049 1 31169 0 -1
ciMethod java/lang/String indexOf (I)I 2073 1 54999 0 -1
ciMethod java/lang/String indexOf (II)I 1617 49153 2777 0 -1
ciMethod java/lang/String lastIndexOf (I)I 2049 1 17369 0 -1
ciMethod java/lang/String lastIndexOf (II)I 921 32817 788 0 -1
ciMethod java/lang/String indexOf (Ljava/lang/String;)I 2049 1 32564 0 -1
ciMethod java/lang/String indexOf (Ljava/lang/String;I)I 2049 1 93705 0 -1
ciMethod java/lang/String indexOf ([CII[CIII)I 1065 38649 921 0 -1
ciMethod java/lang/String substring (I)Ljava/lang/String; 2049 1 10536 0 -1
ciMethod java/lang/String substring (II)Ljava/lang/String; 2065 1 5416 0 -1
ciMethod java/lang/AbstractStringBuilder <init> (I)V 1649 1 180893 0 -1
ciMethod java/lang/AbstractStringBuilder append (Ljava/lang/String;)Ljava/lang/AbstractStringBuilder; 2841 1 6536 0 -1
ciMethod java/lang/AbstractStringBuilder append (I)Ljava/lang/AbstractStringBuilder; 9 1 1734 0 -1
ciMethod java/lang/StringBuilder <init> ()V 1217 1 93952 0 -1
ciMethod java/lang/StringBuilder append (Ljava/lang/String;)Ljava/lang/StringBuilder; 2433 1 310783 0 -1
ciMethod java/lang/StringBuilder append (I)Ljava/lang/StringBuilder; 9 1 1701 0 -1
ciMethod java/lang/StringBuilder toString ()Ljava/lang/String; 1345 1 100606 0 -1
ciMethod java/net/URL getQuery ()Ljava/lang/String; 1241 1 155 0 -1
ciMethod java/net/URL getPath ()Ljava/lang/String; 1041 1 130 0 -1
ciMethod java/net/URL getUserInfo ()Ljava/lang/String; 1025 1 128 0 -1
ciMethod java/net/URL getAuthority ()Ljava/lang/String; 1025 1 128 0 -1
ciMethod java/net/URL getPort ()I 1025 1 128 0 -1
ciMethod java/net/URL getProtocol ()Ljava/lang/String; 1049 1 131 0 -1
ciMethod java/net/URL getHost ()Ljava/lang/String; 1073 1 134 0 -1
ciMethod java/net/URL getRef ()Ljava/lang/String; 1457 1 182 0 -1
ciMethod java/lang/Integer parseInt (Ljava/lang/String;I)I 1089 1377 4811 12 -1
ciMethod java/lang/Integer parseInt (Ljava/lang/String;)I 4009 1 2172 0 -1
ciMethodData java/lang/String charAt (I)C 2 480652 orig 264 72 34 157 108 0 0 0 0 104 61 238 24 0 0 0 0 120 1 0 0 32 0 0 0 0 0 0 0 0 0 0 0 0 0 0 0 0 0 0 0 0 0 0 0 0 0 0 0 0 0 0 0 0 0 0 0 0 0 0 0 0 0 0 0 0 0 0 0 0 0 0 0 0 0 0 0 0 0 0 0 77 68 79 32 101 120 116 114 97 32 100 97 116 97 32 108 111 99 107 0 0 0 0 0 0 0 0 0 0 0 0 0 0 0 0 0 0 0 0 0 0 0 0 0 0 0 0 0 0 0 0 0 0 0 0 0 0 0 0 0 0 0 0 0 0 0 0 0 0 0 0 0 0 0 0 0 0 0 0 0 0 0 0 0 0 0 0 0 0 0 0 0 0 0 0 0 0 0 0 0 0 0 0 0 25 0 0 0 0 0 0 0 0 0 0 0 0 0 0 0 1 0 0 0 0 0 0 0 0 0 0 0 0 0 0 0 0 2 0 0 97 156 58 0 1 0 0 0 0 0 0 0 0 0 0 0 2 0 0 0 0 0 0 0 0 0 0 0 80 0 0 0 255 255 255 255 7 0 1 0 0 0 0 0 data 10 0x10007 0x0 0x40 0x7538c 0xa0007 0x7538c 0x30 0x0 0x120002 0x0 oops 0
ciMethodData java/lang/String length ()I 2 390204 orig 264 72 34 157 108 0 0 0 0 24 60 238 24 0 0 0 0 32 1 0 0 0 0 0 0 0 0 0 0 0 0 0 0 0 0 0 0 0 0 0 0 0 0 0 0 0 0 0 0 0 0 0 0 0 0 0 0 0 0 0 0 0 0 0 0 0 0 0 0 0 0 0 0 0 0 0 0 0 0 0 0 77 68 79 32 101 120 116 114 97 32 100 97 116 97 32 108 111 99 107 0 0 0 0 0 0 0 0 0 0 0 0 0 0 0 0 0 0 0 0 0 0 0 0 0 0 0 0 0 0 0 0 0 0 0 0 0 0 0 0 0 0 0 0 0 0 0 0 0 0 0 0 0 0 0 0 0 0 0 0 0 0 0 0 0 0 0 0 0 0 0 0 0 0 0 0 0 0 0 0 0 0 0 0 0 1 0 0 0 0 0 0 0 0 0 0 0 0 0 0 0 1 0 0 0 0 0 0 0 0 0 0 0 0 0 0 0 0 2 0 0 225 145 47 0 1 0 0 0 0 0 0 0 0 0 0 0 2 0 0 0 0 0 0 0 0 0 0 0 0 0 0 0 255 255 255 255 0 0 0 0 0 0 0 0 data 0 oops 0
ciMethodData java/lang/Object <init> ()V 2 1189512 orig 264 72 34 157 108 0 0 0 0 128 4 238 24 0 0 0 0 32 1 0 0 0 0 0 0 0 0 0 0 0 0 0 0 0 0 0 0 0 0 0 0 0 0 0 0 0 0 0 0 0 0 0 0 0 0 0 0 0 0 0 0 0 0